Copyright 1986-2014 Xilinx, Inc. All Rights Reserved.
-----------------------------------------------------------------------------------
| Tool Version : Vivado v.2014.1 (lin64) Build 881834 Fri Apr  4 14:00:25 MDT 2014
| Date         : Tue Oct 21 00:01:59 2014
| Host         : fury running 64-bit Ubuntu 14.04.1 LTS
| Command      : report_drc
-----------------------------------------------------------------------------------

Report DRC

Table of Contents
-----------------
1. REPORT SUMMARY
2. REPORT DETAILS

1. REPORT SUMMARY
-----------------

REPORT SUMMARY
            Netlist: netlist
          Floorplan: checkpoint_system_wrapper
      Design limits: <entire design considered>
           Ruledeck: default
           Max violations: <unlimited>
         Violations found: 2

2. REPORT DETAILS
-----------------
CFGBVS-1#1 Warning
Missing CFGBVS and CONFIG_VOLTAGE Design Properties  
Neither the CFGBVS nor CONFIG_VOLTAGE voltage property is set in the current_design.  Configuration bank voltage select (CFGBVS) must be set to VCCO or GND, and CONFIG_VOLTAGE must be set to the correct configuration voltage, in order to determine the I/O voltage support for the pins in bank 0.  It is suggested to specify these either using the 'Edit Device Properties' function in the GUI or directly in the XDC file using the following syntax:

 set_property CFGBVS value1 [current_design]
 #where value1 is either VCCO or GND

 set_property CONFIG_VOLTAGE value2 [current_design]
 #where value2 is the voltage provided to configuration bank 0

Refer to the device configuration user guide for more information.
Related violations: <none>

RTSTAT-10#1 Advisory
No routable loads  
10 net(s) have no routable loads. The problem net(s) are system_i/microblaze_0_axi_periph_M03_AXI_ARADDR[0], system_i/microblaze_0_axi_periph_M03_AXI_ARADDR[1], system_i/microblaze_0_axi_periph_M03_AXI_ARPROT[0], system_i/microblaze_0_axi_periph_M03_AXI_ARPROT[1], system_i/microblaze_0_axi_periph_M03_AXI_ARPROT[2], system_i/microblaze_0_axi_periph_M03_AXI_AWADDR[0], system_i/microblaze_0_axi_periph_M03_AXI_AWADDR[1], system_i/microblaze_0_axi_periph_M03_AXI_AWPROT[0], system_i/microblaze_0_axi_periph_M03_AXI_AWPROT[1], system_i/microblaze_0_axi_periph_M03_AXI_AWPROT[2].
Related violations: <none>


